<?xml version="1.0" encoding="UTF-8"?>
<testng-results ignored="0" total="1" passed="1" failed="0" skipped="0">
  <reporter-output>
  </reporter-output>
  <suite started-at="2023-09-21T14:11:27 EEST" name="Surefire suite" finished-at="2023-09-21T14:11:27 EEST" duration-ms="84">
    <groups>
    </groups>
    <test started-at="2023-09-21T14:11:27 EEST" name="Surefire test" finished-at="2023-09-21T14:11:27 EEST" duration-ms="84">
      <class name="com.featheredteam.AppTest">
        <test-method signature="shouldAnswerWithTrue()" started-at="2023-09-21T14:11:27 EEST" name="shouldAnswerWithTrue" finished-at="2023-09-21T14:11:27 EEST" duration-ms="0" status="PASS">
          <reporter-output>
          </reporter-output>
        </test-method> <!-- shouldAnswerWithTrue -->
      </class> <!-- com.featheredteam.AppTest -->
    </test> <!-- Surefire test -->
  </suite> <!-- Surefire suite -->
</testng-results>
